<?xml version="1.0" encoding="UTF-8"?>
<testng-results ignored="0" total="1" passed="1" failed="0" skipped="0">
  <reporter-output>
  </reporter-output>
  <suite started-at="2021-12-09T11:49:08 IST" name="Genkins Demo with Maven" finished-at="2021-12-09T11:49:26 IST" duration-ms="18464">
    <groups>
    </groups>
    <test started-at="2021-12-09T11:49:08 IST" name="GenkinsMaven" finished-at="2021-12-09T11:49:26 IST" duration-ms="18464">
      <class name="com.mystore.testcases.LoginPageTest">
        <test-method is-config="true" signature="loadConfig()[pri:0, instance:com.mystore.testcases.LoginPageTest@1b1426f4]" started-at="2021-12-09T11:49:08 IST" name="loadConfig" finished-at="2021-12-09T11:49:08 IST" duration-ms="10" status="PASS">
          <reporter-output>
          </reporter-output>
        </test-method> <!-- loadConfig -->
        <test-method is-config="true" signature="setup()[pri:0, instance:com.mystore.testcases.LoginPageTest@1b1426f4]" started-at="2021-12-09T11:49:08 IST" name="setup" finished-at="2021-12-09T11:49:19 IST" duration-ms="10845" status="PASS">
          <reporter-output>
          </reporter-output>
        </test-method> <!-- setup -->
        <test-method signature="logintest()[pri:0, instance:com.mystore.testcases.LoginPageTest@1b1426f4]" started-at="2021-12-09T11:49:19 IST" name="logintest" finished-at="2021-12-09T11:49:25 IST" duration-ms="6817" status="PASS">
          <reporter-output>
          </reporter-output>
        </test-method> <!-- logintest -->
        <test-method is-config="true" signature="tearDown()[pri:0, instance:com.mystore.testcases.LoginPageTest@1b1426f4]" started-at="2021-12-09T11:49:25 IST" name="tearDown" finished-at="2021-12-09T11:49:26 IST" duration-ms="727" status="PASS">
          <reporter-output>
          </reporter-output>
        </test-method> <!-- tearDown -->
      </class> <!-- com.mystore.testcases.LoginPageTest -->
    </test> <!-- GenkinsMaven -->
  </suite> <!-- Genkins Demo with Maven -->
</testng-results>
